
> codecov-example-node@0.0.1 test /home/travis/build/totvs/ttalk-standard-message
> mocha -R min validator/test

[2J[1;3H
  34036 passing (21m)
  10 failing

  1) OpenAPI - BeneficiaryStatus_v1_000.json "before all" hook:
     Error: timeout of 120000ms exceeded. Ensure the done() callback is being called in this test.
      at listOnTimeout (internal/timers.js:551:17)
      at processTimers (internal/timers.js:494:7)

  2) OpenAPI - Candidates_v1_000.json "before all" hook:
     Error: timeout of 120000ms exceeded. Ensure the done() callback is being called in this test.
      at listOnTimeout (internal/timers.js:551:17)
      at processTimers (internal/timers.js:494:7)

  3) OpenAPI - CottonGinBreaks_v1_000.json "before all" hook:
     Error: timeout of 120000ms exceeded. Ensure the done() callback is being called in this test.
      at listOnTimeout (internal/timers.js:551:17)
      at processTimers (internal/timers.js:494:7)

  4) OpenAPI - DiscoveryEnvironments_v1_000.json "before all" hook:
     Error: timeout of 120000ms exceeded. Ensure the done() callback is being called in this test.
      at listOnTimeout (internal/timers.js:551:17)
      at processTimers (internal/timers.js:494:7)

  5) OpenAPI - IgnoredPlannedAbsences_v1_000.json "before all" hook:
     Error: timeout of 120000ms exceeded. Ensure the done() callback is being called in this test.
      at listOnTimeout (internal/timers.js:551:17)
      at processTimers (internal/timers.js:494:7)

  6) OpenAPI - InspectionScript_v1_000.json "before all" hook:
     Error: timeout of 120000ms exceeded. Ensure the done() callback is being called in this test.
      at listOnTimeout (internal/timers.js:551:17)
      at processTimers (internal/timers.js:494:7)

  7) OpenAPI - Notes_v1_000.json "before all" hook:
     Error: timeout of 120000ms exceeded. Ensure the done() callback is being called in this test.
      at listOnTimeout (internal/timers.js:551:17)
      at processTimers (internal/timers.js:494:7)

  8) OpenAPI - UnitOfMeasure_v1_000.json "before all" hook:
     Error: timeout of 120000ms exceeded. Ensure the done() callback is being called in this test.
      at listOnTimeout (internal/timers.js:551:17)
      at processTimers (internal/timers.js:494:7)

  9) OpenAPI - WeighingType_v1_000.json "before all" hook:
     Error: timeout of 120000ms exceeded. Ensure the done() callback is being called in this test.
      at listOnTimeout (internal/timers.js:551:17)
      at processTimers (internal/timers.js:494:7)

  10) OpenAPI - WorkAccidentOccurrence_v1_000.json "before all" hook:
     Error: timeout of 120000ms exceeded. Ensure the done() callback is being called in this test.
      at listOnTimeout (internal/timers.js:551:17)
      at processTimers (internal/timers.js:494:7)



npm ERR! Test failed.  See above for more details.
