
> codecov-example-node@0.0.1 test /home/travis/build/totvs/ttalk-standard-message
> mocha -R min validator/test

[2J[1;3H
  34432 passing (10m)
  4 failing

  1) OpenAPI - AvailableOfferedActivities_v1_000.json  - Schemas:  should be dereferenced. This means all external references are correct (FilePaths and Object property names):
     AssertionError: Error: Error downloading https://raw.githubusercontent.com/totvs/ttalk-standard-message/master/jsonschema/apis/types/totvsApiTypesBase.json 
connect ETIMEDOUT 151.101.0.133:443: expected false to be truthy
      at Context.<anonymous> (validator/test/testOpenAPI.js:215:60)
      at processImmediate (internal/timers.js:458:21)

  2) OpenAPI - BaseQuantity_v1_000.json  - Schemas:  should be dereferenced. This means all external references are correct (FilePaths and Object property names):
     AssertionError: Error: Error downloading https://raw.githubusercontent.com/totvs/ttalk-standard-message/master/jsonschema/schemas/BaseQuantity_2_000.json 
connect ETIMEDOUT 151.101.0.133:443: expected false to be truthy
      at Context.<anonymous> (validator/test/testOpenAPI.js:215:60)
      at processImmediate (internal/timers.js:458:21)

  3) OpenAPI - TrimesterBalanceSheet_v1_100.json  - Schemas:  should be dereferenced. This means all external references are correct (FilePaths and Object property names):
     AssertionError: Error: Error downloading https://raw.githubusercontent.com/totvs/ttalk-standard-message/master/jsonschema/apis/types/totvsApiTypesBase.json 
connect ETIMEDOUT 151.101.0.133:443: expected false to be truthy
      at Context.<anonymous> (validator/test/testOpenAPI.js:215:60)
      at processImmediate (internal/timers.js:458:21)

  4) OpenAPI - WeighingType_v1_000.json  - Schemas:  should be dereferenced. This means all external references are correct (FilePaths and Object property names):
     AssertionError: Error: Error downloading https://raw.githubusercontent.com/totvs/ttalk-standard-message/master/jsonschema/schemas/WeighingType_1_000.json 
connect ETIMEDOUT 151.101.0.133:443: expected false to be truthy
      at Context.<anonymous> (validator/test/testOpenAPI.js:215:60)
      at processImmediate (internal/timers.js:458:21)



npm ERR! Test failed.  See above for more details.
