
> codecov-example-node@0.0.1 test /home/travis/build/totvs/ttalk-standard-message
> mocha -R min validator/test

[2J[1;3H
  34116 passing (17m)
  8 failing

  1) OpenAPI - CurriculumGrid_v1_000.json "before all" hook:
     Error: timeout of 120000ms exceeded. Ensure the done() callback is being called in this test.
      at listOnTimeout (internal/timers.js:551:17)
      at processTimers (internal/timers.js:494:7)

  2) OpenAPI - DiscoveryStages_v1_000.json "before all" hook:
     Error: timeout of 120000ms exceeded. Ensure the done() callback is being called in this test.
      at listOnTimeout (internal/timers.js:551:17)
      at processTimers (internal/timers.js:494:7)

  3) OpenAPI - FinancialBudgetaryNatures_v1_000.json "before all" hook:
     Error: timeout of 120000ms exceeded. Ensure the done() callback is being called in this test.
      at listOnTimeout (internal/timers.js:551:17)
      at processTimers (internal/timers.js:494:7)

  4) OpenAPI - MRPTransportingLanes_v1_000.json "before all" hook:
     Error: timeout of 120000ms exceeded. Ensure the done() callback is being called in this test.
      at listOnTimeout (internal/timers.js:551:17)
      at processTimers (internal/timers.js:494:7)

  5) OpenAPI - MaterialFamilies_v1_000.json "before all" hook:
     Error: timeout of 120000ms exceeded. Ensure the done() callback is being called in this test.
      at listOnTimeout (internal/timers.js:551:17)
      at processTimers (internal/timers.js:494:7)

  6) OpenAPI - RetailStockLevel_v1_000.json "before all" hook:
     Error: timeout of 120000ms exceeded. Ensure the done() callback is being called in this test.
      at listOnTimeout (internal/timers.js:551:17)
      at processTimers (internal/timers.js:494:7)

  7) OpenAPI - SellerActivity_v1_000.json "before all" hook:
     Error: timeout of 120000ms exceeded. Ensure the done() callback is being called in this test.
      at listOnTimeout (internal/timers.js:551:17)
      at processTimers (internal/timers.js:494:7)

  8) OpenAPI - Visitors_v1_000.json "before all" hook:
     Error: timeout of 120000ms exceeded. Ensure the done() callback is being called in this test.
      at listOnTimeout (internal/timers.js:551:17)
      at processTimers (internal/timers.js:494:7)



npm ERR! Test failed.  See above for more details.
