
> codecov-example-node@0.0.1 test /home/travis/build/totvs/ttalk-standard-message
> mocha -R min validator/test

[2J[1;3H
  34076 passing (19m)
  9 failing

  1) OpenAPI - CaixaMensagensRFB_v2_000.json "before all" hook:
     Error: timeout of 120000ms exceeded. Ensure the done() callback is being called in this test.
      at listOnTimeout (internal/timers.js:551:17)
      at processTimers (internal/timers.js:494:7)

  2) OpenAPI - CancelBooking_v1_000.json "before all" hook:
     Error: timeout of 120000ms exceeded. Ensure the done() callback is being called in this test.
      at listOnTimeout (internal/timers.js:551:17)
      at processTimers (internal/timers.js:494:7)

  3) OpenAPI - EmployeeDataContent_v1_000.json "before all" hook:
     Error: timeout of 120000ms exceeded. Ensure the done() callback is being called in this test.
      at listOnTimeout (internal/timers.js:551:17)
      at processTimers (internal/timers.js:494:7)

  4) OpenAPI - InscriptionFiles_v1_000.json "before all" hook:
     Error: timeout of 120000ms exceeded. Ensure the done() callback is being called in this test.
      at listOnTimeout (internal/timers.js:551:17)
      at processTimers (internal/timers.js:494:7)

  5) OpenAPI - PersonsResponsible_v1_100.json "before all" hook:
     Error: timeout of 120000ms exceeded. Ensure the done() callback is being called in this test.
      at listOnTimeout (internal/timers.js:551:17)
      at processTimers (internal/timers.js:494:7)

  6) OpenAPI - Practitioner_v1_000.json "before all" hook:
     Error: timeout of 120000ms exceeded. Ensure the done() callback is being called in this test.
      at listOnTimeout (internal/timers.js:551:17)
      at processTimers (internal/timers.js:494:7)

  7) OpenAPI - ProjectGenerationSuppliesByDate_v1_000.json "before all" hook:
     Error: timeout of 120000ms exceeded. Ensure the done() callback is being called in this test.
      at listOnTimeout (internal/timers.js:551:17)
      at processTimers (internal/timers.js:494:7)

  8) OpenAPI - Publication_v1_000.json "before all" hook:
     Error: timeout of 120000ms exceeded. Ensure the done() callback is being called in this test.
      at listOnTimeout (internal/timers.js:551:17)
      at processTimers (internal/timers.js:494:7)

  9) OpenAPI - UnitOfMeasure_v1_000.json "before all" hook:
     Error: timeout of 120000ms exceeded. Ensure the done() callback is being called in this test.
      at listOnTimeout (internal/timers.js:551:17)
      at processTimers (internal/timers.js:494:7)



npm ERR! Test failed.  See above for more details.
