
> codecov-example-node@0.0.1 test /home/travis/build/totvs/ttalk-standard-message
> mocha -R min validator/test

[2J[1;3H
  33916 passing (27m)
  13 failing

  1) OpenAPI - AccountingCalendar_v1_000.json "before all" hook:
     Error: timeout of 120000ms exceeded. Ensure the done() callback is being called in this test.
      at listOnTimeout (internal/timers.js:551:17)
      at processTimers (internal/timers.js:494:7)

  2) OpenAPI - Approvers_v1_000.json "before all" hook:
     Error: timeout of 120000ms exceeded. Ensure the done() callback is being called in this test.
      at listOnTimeout (internal/timers.js:551:17)
      at processTimers (internal/timers.js:494:7)

  3) OpenAPI - Assignments_v1_000.json "before all" hook:
     Error: timeout of 120000ms exceeded. Ensure the done() callback is being called in this test.
      at listOnTimeout (internal/timers.js:551:17)
      at processTimers (internal/timers.js:494:7)

  4) OpenAPI - ClimateElement_v1_000.json "before all" hook:
     Error: timeout of 120000ms exceeded. Ensure the done() callback is being called in this test.
      at listOnTimeout (internal/timers.js:551:17)
      at processTimers (internal/timers.js:494:7)

  5) OpenAPI - CottonColorGrades_v1_000.json "before all" hook:
     Error: timeout of 120000ms exceeded. Ensure the done() callback is being called in this test.
      at listOnTimeout (internal/timers.js:551:17)
      at processTimers (internal/timers.js:494:7)

  6) OpenAPI - CreditStatus_v1_000.json "before all" hook:
     Error: timeout of 120000ms exceeded. Ensure the done() callback is being called in this test.
      at listOnTimeout (internal/timers.js:551:17)
      at processTimers (internal/timers.js:494:7)

  7) OpenAPI - EntradaSaidaVeiculos_v2_000.json "before all" hook:
     Error: timeout of 120000ms exceeded. Ensure the done() callback is being called in this test.
      at listOnTimeout (internal/timers.js:551:17)
      at processTimers (internal/timers.js:494:7)

  8) OpenAPI - FreightAccountingBatches_v1_000.json "before all" hook:
     Error: timeout of 120000ms exceeded. Ensure the done() callback is being called in this test.
      at listOnTimeout (internal/timers.js:551:17)
      at processTimers (internal/timers.js:494:7)

  9) OpenAPI - MRPWarehouseGroup_v1_000.json "before all" hook:
     Error: timeout of 120000ms exceeded. Ensure the done() callback is being called in this test.
      at listOnTimeout (internal/timers.js:551:17)
      at processTimers (internal/timers.js:494:7)

  10) OpenAPI - Opportunity_v1_000.json "before all" hook:
     Error: timeout of 120000ms exceeded. Ensure the done() callback is being called in this test.
      at listOnTimeout (internal/timers.js:551:17)
      at processTimers (internal/timers.js:494:7)

  11) OpenAPI - ProjectReasonsMaterialRequestExtra_v1_000.json "before all" hook:
     Error: timeout of 120000ms exceeded. Ensure the done() callback is being called in this test.
      at listOnTimeout (internal/timers.js:551:17)
      at processTimers (internal/timers.js:494:7)

  12) OpenAPI - TransferenciaLocalArmazenagem_v2_000.json "before all" hook:
     Error: timeout of 120000ms exceeded. Ensure the done() callback is being called in this test.
      at listOnTimeout (internal/timers.js:551:17)
      at processTimers (internal/timers.js:494:7)

  13) OpenAPI - WeighingType_v1_000.json "before all" hook:
     Error: timeout of 120000ms exceeded. Ensure the done() callback is being called in this test.
      at listOnTimeout (internal/timers.js:551:17)
      at processTimers (internal/timers.js:494:7)



npm ERR! Test failed.  See above for more details.
