
> codecov-example-node@0.0.1 test /home/travis/build/totvs/ttalk-standard-message
> mocha -R min validator/test

[2J[1;3H
  34098 passing (15m)
  7 failing

  1) OpenAPI - CostCenterType_v1_000.json "before all" hook:
     Error: timeout of 120000ms exceeded. Ensure the done() callback is being called in this test.
      at listOnTimeout (internal/timers.js:551:17)
      at processTimers (internal/timers.js:494:7)

  2) OpenAPI - CottonGinBreaks_v1_000.json "before all" hook:
     Error: timeout of 120000ms exceeded. Ensure the done() callback is being called in this test.
      at listOnTimeout (internal/timers.js:551:17)
      at processTimers (internal/timers.js:494:7)

  3) OpenAPI - InventoryCounts_v1_000.json "before all" hook:
     Error: timeout of 120000ms exceeded. Ensure the done() callback is being called in this test.
      at listOnTimeout (internal/timers.js:551:17)
      at processTimers (internal/timers.js:494:7)

  4) OpenAPI - LiabilityBalanceAge_v1_100.json "before all" hook:
     Error: timeout of 120000ms exceeded. Ensure the done() callback is being called in this test.
      at listOnTimeout (internal/timers.js:551:17)
      at processTimers (internal/timers.js:494:7)

  5) OpenAPI - ProjectItemRequestUpdateQuantity_v1_000.json "before all" hook:
     Error: timeout of 120000ms exceeded. Ensure the done() callback is being called in this test.
      at listOnTimeout (internal/timers.js:551:17)
      at processTimers (internal/timers.js:494:7)

  6) OpenAPI - ProposalType_v1_000.json "before all" hook:
     Error: timeout of 120000ms exceeded. Ensure the done() callback is being called in this test.
      at listOnTimeout (internal/timers.js:551:17)
      at processTimers (internal/timers.js:494:7)

  7) OpenAPI - Tickets_v1_000.json "before all" hook:
     Error: timeout of 120000ms exceeded. Ensure the done() callback is being called in this test.
      at listOnTimeout (internal/timers.js:551:17)
      at processTimers (internal/timers.js:494:7)



npm ERR! Test failed.  See above for more details.
